The system is: Linux - 3.11.10-301.fc20.x86_64 - x86_64
Compiling the C compiler identification source file "CMakeCCompilerId.c" succeeded.
Compiler: /usr/lib64/ccache/cc 
Build flags: 
Id flags: 

The output was:
0


Compilation of the C compiler identification source "CMakeCCompilerId.c" produced "a.out"

The C compiler identification is GNU, found in "/home/duan/Downloads/xface-new/svn/trunk/CMakeFiles/2.8.12.2/CompilerIdC/a.out"

Compiling the CXX compiler identification source file "CMakeCXXCompilerId.cpp" succeeded.
Compiler: /usr/lib64/ccache/c++ 
Build flags: 
Id flags: 

The output was:
0


Compilation of the CXX compiler identification source "CMakeCXXCompilerId.cpp" produced "a.out"

The CXX compiler identification is GNU, found in "/home/duan/Downloads/xface-new/svn/trunk/CMakeFiles/2.8.12.2/CompilerIdCXX/a.out"

Determining if the C compiler works passed with the following output:
Change Dir: /home/duan/Downloads/xface-new/svn/trunk/CMakeFiles/CMakeTmp

Run Build Command:/usr/bin/gmake "cmTryCompileExec1054750776/fast"
/usr/bin/gmake -f CMakeFiles/cmTryCompileExec1054750776.dir/build.make CMakeFiles/cmTryCompileExec1054750776.dir/build
gmake[1]: Entering directory `/home/duan/Downloads/xface-new/svn/trunk/CMakeFiles/CMakeTmp'
/usr/bin/cmake -E cmake_progress_report /home/duan/Downloads/xface-new/svn/trunk/CMakeFiles/CMakeTmp/CMakeFiles 1
Building C object CMakeFiles/cmTryCompileExec1054750776.dir/testCCompiler.c.o
/usr/lib64/ccache/cc    -o CMakeFiles/cmTryCompileExec1054750776.dir/testCCompiler.c.o   -c /home/duan/Downloads/xface-new/svn/trunk/CMakeFiles/CMakeTmp/testCCompiler.c
Linking C executable cmTryCompileExec1054750776
/usr/bin/cmake -E cmake_link_script CMakeFiles/cmTryCompileExec1054750776.dir/link.txt --verbose=1
/usr/lib64/ccache/cc       CMakeFiles/cmTryCompileExec1054750776.dir/testCCompiler.c.o  -o cmTryCompileExec1054750776 -rdynamic 
gmake[1]: Leaving directory `/home/duan/Downloads/xface-new/svn/trunk/CMakeFiles/CMakeTmp'


Detecting C compiler ABI info compiled with the following output:
Change Dir: /home/duan/Downloads/xface-new/svn/trunk/CMakeFiles/CMakeTmp

Run Build Command:/usr/bin/gmake "cmTryCompileExec1074913810/fast"
/usr/bin/gmake -f CMakeFiles/cmTryCompileExec1074913810.dir/build.make CMakeFiles/cmTryCompileExec1074913810.dir/build
gmake[1]: Entering directory `/home/duan/Downloads/xface-new/svn/trunk/CMakeFiles/CMakeTmp'
/usr/bin/cmake -E cmake_progress_report /home/duan/Downloads/xface-new/svn/trunk/CMakeFiles/CMakeTmp/CMakeFiles 1
Building C object CMakeFiles/cmTryCompileExec1074913810.dir/CMakeCCompilerABI.c.o
/usr/lib64/ccache/cc    -o CMakeFiles/cmTryCompileExec1074913810.dir/CMakeCCompilerABI.c.o   -c /usr/share/cmake/Modules/CMakeCCompilerABI.c
Linking C executable cmTryCompileExec1074913810
/usr/bin/cmake -E cmake_link_script CMakeFiles/cmTryCompileExec1074913810.dir/link.txt --verbose=1
/usr/lib64/ccache/cc     -v CMakeFiles/cmTryCompileExec1074913810.dir/CMakeCCompilerABI.c.o  -o cmTryCompileExec1074913810 -rdynamic  
Using built-in specs.
COLLECT_GCC=/usr/bin/cc
COLLECT_LTO_WRAPPER=/usr/libexec/gcc/x86_64-redhat-linux/4.8.2/lto-wrapper
Target: x86_64-redhat-linux
Configured with: ../configure --prefix=/usr --mandir=/usr/share/man --infodir=/usr/share/info --with-bugurl=http://bugzilla.redhat.com/bugzilla --enable-bootstrap --enable-shared --enable-threads=posix --enable-checking=release --with-system-zlib --enable-__cxa_atexit --disable-libunwind-exceptions --enable-gnu-unique-object --enable-linker-build-id --with-linker-hash-style=gnu --enable-languages=c,c++,objc,obj-c++,java,fortran,ada,go,lto --enable-plugin --enable-initfini-array --enable-java-awt=gtk --disable-dssi --with-java-home=/usr/lib/jvm/java-1.5.0-gcj-1.5.0.0/jre --enable-libgcj-multifile --enable-java-maintainer-mode --with-ecj-jar=/usr/share/java/eclipse-ecj.jar --disable-libjava-multilib --with-isl=/builddir/build/BUILD/gcc-4.8.2-20131212/obj-x86_64-redhat-linux/isl-install --with-cloog=/builddir/build/BUILD/gcc-4.8.2-20131212/obj-x86_64-redhat-linux/cloog-install --with-tune=generic --with-arch_32=i686 --build=x86_64-redhat-linux
Thread model: posix
gcc version 4.8.2 20131212 (Red Hat 4.8.2-7) (GCC) 
COMPILER_PATH=/usr/libexec/gcc/x86_64-redhat-linux/4.8.2/:/usr/libexec/gcc/x86_64-redhat-linux/4.8.2/:/usr/libexec/gcc/x86_64-redhat-linux/:/usr/lib/gcc/x86_64-redhat-linux/4.8.2/:/usr/lib/gcc/x86_64-redhat-linux/
LIBRARY_PATH=/usr/lib/gcc/x86_64-redhat-linux/4.8.2/:/usr/lib/gcc/x86_64-redhat-linux/4.8.2/../../../../lib64/:/lib/../lib64/:/usr/lib/../lib64/:/usr/lib/gcc/x86_64-redhat-linux/4.8.2/../../../:/lib/:/usr/lib/
COLLECT_GCC_OPTIONS='-v' '-o' 'cmTryCompileExec1074913810' '-rdynamic' '-mtune=generic' '-march=x86-64'
 /usr/libexec/gcc/x86_64-redhat-linux/4.8.2/collect2 --build-id --no-add-needed --eh-frame-hdr --hash-style=gnu -m elf_x86_64 -export-dynamic -dynamic-linker /lib64/ld-linux-x86-64.so.2 -o cmTryCompileExec1074913810 /usr/lib/gcc/x86_64-redhat-linux/4.8.2/../../../../lib64/crt1.o /usr/lib/gcc/x86_64-redhat-linux/4.8.2/../../../../lib64/crti.o /usr/lib/gcc/x86_64-redhat-linux/4.8.2/crtbegin.o -L/usr/lib/gcc/x86_64-redhat-linux/4.8.2 -L/usr/lib/gcc/x86_64-redhat-linux/4.8.2/../../../../lib64 -L/lib/../lib64 -L/usr/lib/../lib64 -L/usr/lib/gcc/x86_64-redhat-linux/4.8.2/../../.. CMakeFiles/cmTryCompileExec1074913810.dir/CMakeCCompilerABI.c.o -lgcc --as-needed -lgcc_s --no-as-needed -lc -lgcc --as-needed -lgcc_s --no-as-needed /usr/lib/gcc/x86_64-redhat-linux/4.8.2/crtend.o /usr/lib/gcc/x86_64-redhat-linux/4.8.2/../../../../lib64/crtn.o
gmake[1]: Leaving directory `/home/duan/Downloads/xface-new/svn/trunk/CMakeFiles/CMakeTmp'


Parsed C implicit link information from above output:
  link line regex: [^( *|.*[/\])(ld|([^/\]+-)?ld|collect2)[^/\]*( |$)]
  ignore line: [Change Dir: /home/duan/Downloads/xface-new/svn/trunk/CMakeFiles/CMakeTmp]
  ignore line: []
  ignore line: [Run Build Command:/usr/bin/gmake "cmTryCompileExec1074913810/fast"]
  ignore line: [/usr/bin/gmake -f CMakeFiles/cmTryCompileExec1074913810.dir/build.make CMakeFiles/cmTryCompileExec1074913810.dir/build]
  ignore line: [gmake[1]: Entering directory `/home/duan/Downloads/xface-new/svn/trunk/CMakeFiles/CMakeTmp']
  ignore line: [/usr/bin/cmake -E cmake_progress_report /home/duan/Downloads/xface-new/svn/trunk/CMakeFiles/CMakeTmp/CMakeFiles 1]
  ignore line: [Building C object CMakeFiles/cmTryCompileExec1074913810.dir/CMakeCCompilerABI.c.o]
  ignore line: [/usr/lib64/ccache/cc    -o CMakeFiles/cmTryCompileExec1074913810.dir/CMakeCCompilerABI.c.o   -c /usr/share/cmake/Modules/CMakeCCompilerABI.c]
  ignore line: [Linking C executable cmTryCompileExec1074913810]
  ignore line: [/usr/bin/cmake -E cmake_link_script CMakeFiles/cmTryCompileExec1074913810.dir/link.txt --verbose=1]
  ignore line: [/usr/lib64/ccache/cc     -v CMakeFiles/cmTryCompileExec1074913810.dir/CMakeCCompilerABI.c.o  -o cmTryCompileExec1074913810 -rdynamic  ]
  ignore line: [Using built-in specs.]
  ignore line: [COLLECT_GCC=/usr/bin/cc]
  ignore line: [COLLECT_LTO_WRAPPER=/usr/libexec/gcc/x86_64-redhat-linux/4.8.2/lto-wrapper]
  ignore line: [Target: x86_64-redhat-linux]
  ignore line: [Configured with: ../configure --prefix=/usr --mandir=/usr/share/man --infodir=/usr/share/info --with-bugurl=http://bugzilla.redhat.com/bugzilla --enable-bootstrap --enable-shared --enable-threads=posix --enable-checking=release --with-system-zlib --enable-__cxa_atexit --disable-libunwind-exceptions --enable-gnu-unique-object --enable-linker-build-id --with-linker-hash-style=gnu --enable-languages=c,c++,objc,obj-c++,java,fortran,ada,go,lto --enable-plugin --enable-initfini-array --enable-java-awt=gtk --disable-dssi --with-java-home=/usr/lib/jvm/java-1.5.0-gcj-1.5.0.0/jre --enable-libgcj-multifile --enable-java-maintainer-mode --with-ecj-jar=/usr/share/java/eclipse-ecj.jar --disable-libjava-multilib --with-isl=/builddir/build/BUILD/gcc-4.8.2-20131212/obj-x86_64-redhat-linux/isl-install --with-cloog=/builddir/build/BUILD/gcc-4.8.2-20131212/obj-x86_64-redhat-linux/cloog-install --with-tune=generic --with-arch_32=i686 --build=x86_64-redhat-linux]
  ignore line: [Thread model: posix]
  ignore line: [gcc version 4.8.2 20131212 (Red Hat 4.8.2-7) (GCC) ]
  ignore line: [COMPILER_PATH=/usr/libexec/gcc/x86_64-redhat-linux/4.8.2/:/usr/libexec/gcc/x86_64-redhat-linux/4.8.2/:/usr/libexec/gcc/x86_64-redhat-linux/:/usr/lib/gcc/x86_64-redhat-linux/4.8.2/:/usr/lib/gcc/x86_64-redhat-linux/]
  ignore line: [LIBRARY_PATH=/usr/lib/gcc/x86_64-redhat-linux/4.8.2/:/usr/lib/gcc/x86_64-redhat-linux/4.8.2/../../../../lib64/:/lib/../lib64/:/usr/lib/../lib64/:/usr/lib/gcc/x86_64-redhat-linux/4.8.2/../../../:/lib/:/usr/lib/]
  ignore line: [COLLECT_GCC_OPTIONS='-v' '-o' 'cmTryCompileExec1074913810' '-rdynamic' '-mtune=generic' '-march=x86-64']
  link line: [ /usr/libexec/gcc/x86_64-redhat-linux/4.8.2/collect2 --build-id --no-add-needed --eh-frame-hdr --hash-style=gnu -m elf_x86_64 -export-dynamic -dynamic-linker /lib64/ld-linux-x86-64.so.2 -o cmTryCompileExec1074913810 /usr/lib/gcc/x86_64-redhat-linux/4.8.2/../../../../lib64/crt1.o /usr/lib/gcc/x86_64-redhat-linux/4.8.2/../../../../lib64/crti.o /usr/lib/gcc/x86_64-redhat-linux/4.8.2/crtbegin.o -L/usr/lib/gcc/x86_64-redhat-linux/4.8.2 -L/usr/lib/gcc/x86_64-redhat-linux/4.8.2/../../../../lib64 -L/lib/../lib64 -L/usr/lib/../lib64 -L/usr/lib/gcc/x86_64-redhat-linux/4.8.2/../../.. CMakeFiles/cmTryCompileExec1074913810.dir/CMakeCCompilerABI.c.o -lgcc --as-needed -lgcc_s --no-as-needed -lc -lgcc --as-needed -lgcc_s --no-as-needed /usr/lib/gcc/x86_64-redhat-linux/4.8.2/crtend.o /usr/lib/gcc/x86_64-redhat-linux/4.8.2/../../../../lib64/crtn.o]
    arg [/usr/libexec/gcc/x86_64-redhat-linux/4.8.2/collect2] ==> ignore
    arg [--build-id] ==> ignore
    arg [--no-add-needed] ==> ignore
    arg [--eh-frame-hdr] ==> ignore
    arg [--hash-style=gnu] ==> ignore
    arg [-m] ==> ignore
    arg [elf_x86_64] ==> ignore
    arg [-export-dynamic] ==> ignore
    arg [-dynamic-linker] ==> ignore
    arg [/lib64/ld-linux-x86-64.so.2] ==> ignore
    arg [-o] ==> ignore
    arg [cmTryCompileExec1074913810] ==> ignore
    arg [/usr/lib/gcc/x86_64-redhat-linux/4.8.2/../../../../lib64/crt1.o] ==> ignore
    arg [/usr/lib/gcc/x86_64-redhat-linux/4.8.2/../../../../lib64/crti.o] ==> ignore
    arg [/usr/lib/gcc/x86_64-redhat-linux/4.8.2/crtbegin.o] ==> ignore
    arg [-L/usr/lib/gcc/x86_64-redhat-linux/4.8.2] ==> dir [/usr/lib/gcc/x86_64-redhat-linux/4.8.2]
    arg [-L/usr/lib/gcc/x86_64-redhat-linux/4.8.2/../../../../lib64] ==> dir [/usr/lib/gcc/x86_64-redhat-linux/4.8.2/../../../../lib64]
    arg [-L/lib/../lib64] ==> dir [/lib/../lib64]
    arg [-L/usr/lib/../lib64] ==> dir [/usr/lib/../lib64]
    arg [-L/usr/lib/gcc/x86_64-redhat-linux/4.8.2/../../..] ==> dir [/usr/lib/gcc/x86_64-redhat-linux/4.8.2/../../..]
    arg [CMakeFiles/cmTryCompileExec1074913810.dir/CMakeCCompilerABI.c.o] ==> ignore
    arg [-lgcc] ==> lib [gcc]
    arg [--as-needed] ==> ignore
    arg [-lgcc_s] ==> lib [gcc_s]
    arg [--no-as-needed] ==> ignore
    arg [-lc] ==> lib [c]
    arg [-lgcc] ==> lib [gcc]
    arg [--as-needed] ==> ignore
    arg [-lgcc_s] ==> lib [gcc_s]
    arg [--no-as-needed] ==> ignore
    arg [/usr/lib/gcc/x86_64-redhat-linux/4.8.2/crtend.o] ==> ignore
    arg [/usr/lib/gcc/x86_64-redhat-linux/4.8.2/../../../../lib64/crtn.o] ==> ignore
  remove lib [gcc]
  remove lib [gcc_s]
  remove lib [gcc]
  remove lib [gcc_s]
  collapse library dir [/usr/lib/gcc/x86_64-redhat-linux/4.8.2] ==> [/usr/lib/gcc/x86_64-redhat-linux/4.8.2]
  collapse library dir [/usr/lib/gcc/x86_64-redhat-linux/4.8.2/../../../../lib64] ==> [/usr/lib64]
  collapse library dir [/lib/../lib64] ==> [/lib64]
  collapse library dir [/usr/lib/../lib64] ==> [/usr/lib64]
  collapse library dir [/usr/lib/gcc/x86_64-redhat-linux/4.8.2/../../..] ==> [/usr/lib]
  implicit libs: [c]
  implicit dirs: [/usr/lib/gcc/x86_64-redhat-linux/4.8.2;/usr/lib64;/lib64;/usr/lib]
  implicit fwks: []


Determining if the CXX compiler works passed with the following output:
Change Dir: /home/duan/Downloads/xface-new/svn/trunk/CMakeFiles/CMakeTmp

Run Build Command:/usr/bin/gmake "cmTryCompileExec510322226/fast"
/usr/bin/gmake -f CMakeFiles/cmTryCompileExec510322226.dir/build.make CMakeFiles/cmTryCompileExec510322226.dir/build
gmake[1]: Entering directory `/home/duan/Downloads/xface-new/svn/trunk/CMakeFiles/CMakeTmp'
/usr/bin/cmake -E cmake_progress_report /home/duan/Downloads/xface-new/svn/trunk/CMakeFiles/CMakeTmp/CMakeFiles 1
Building CXX object CMakeFiles/cmTryCompileExec510322226.dir/testCXXCompiler.cxx.o
/usr/lib64/ccache/c++     -o CMakeFiles/cmTryCompileExec510322226.dir/testCXXCompiler.cxx.o -c /home/duan/Downloads/xface-new/svn/trunk/CMakeFiles/CMakeTmp/testCXXCompiler.cxx
Linking CXX executable cmTryCompileExec510322226
/usr/bin/cmake -E cmake_link_script CMakeFiles/cmTryCompileExec510322226.dir/link.txt --verbose=1
/usr/lib64/ccache/c++        CMakeFiles/cmTryCompileExec510322226.dir/testCXXCompiler.cxx.o  -o cmTryCompileExec510322226 -rdynamic 
gmake[1]: Leaving directory `/home/duan/Downloads/xface-new/svn/trunk/CMakeFiles/CMakeTmp'


Detecting CXX compiler ABI info compiled with the following output:
Change Dir: /home/duan/Downloads/xface-new/svn/trunk/CMakeFiles/CMakeTmp

Run Build Command:/usr/bin/gmake "cmTryCompileExec2625812247/fast"
/usr/bin/gmake -f CMakeFiles/cmTryCompileExec2625812247.dir/build.make CMakeFiles/cmTryCompileExec2625812247.dir/build
gmake[1]: Entering directory `/home/duan/Downloads/xface-new/svn/trunk/CMakeFiles/CMakeTmp'
/usr/bin/cmake -E cmake_progress_report /home/duan/Downloads/xface-new/svn/trunk/CMakeFiles/CMakeTmp/CMakeFiles 1
Building CXX object CMakeFiles/cmTryCompileExec2625812247.dir/CMakeCXXCompilerABI.cpp.o
/usr/lib64/ccache/c++     -o CMakeFiles/cmTryCompileExec2625812247.dir/CMakeCXXCompilerABI.cpp.o -c /usr/share/cmake/Modules/CMakeCXXCompilerABI.cpp
Linking CXX executable cmTryCompileExec2625812247
/usr/bin/cmake -E cmake_link_script CMakeFiles/cmTryCompileExec2625812247.dir/link.txt --verbose=1
/usr/lib64/ccache/c++      -v CMakeFiles/cmTryCompileExec2625812247.dir/CMakeCXXCompilerABI.cpp.o  -o cmTryCompileExec2625812247 -rdynamic  
Using built-in specs.
COLLECT_GCC=/usr/bin/c++
COLLECT_LTO_WRAPPER=/usr/libexec/gcc/x86_64-redhat-linux/4.8.2/lto-wrapper
Target: x86_64-redhat-linux
Configured with: ../configure --prefix=/usr --mandir=/usr/share/man --infodir=/usr/share/info --with-bugurl=http://bugzilla.redhat.com/bugzilla --enable-bootstrap --enable-shared --enable-threads=posix --enable-checking=release --with-system-zlib --enable-__cxa_atexit --disable-libunwind-exceptions --enable-gnu-unique-object --enable-linker-build-id --with-linker-hash-style=gnu --enable-languages=c,c++,objc,obj-c++,java,fortran,ada,go,lto --enable-plugin --enable-initfini-array --enable-java-awt=gtk --disable-dssi --with-java-home=/usr/lib/jvm/java-1.5.0-gcj-1.5.0.0/jre --enable-libgcj-multifile --enable-java-maintainer-mode --with-ecj-jar=/usr/share/java/eclipse-ecj.jar --disable-libjava-multilib --with-isl=/builddir/build/BUILD/gcc-4.8.2-20131212/obj-x86_64-redhat-linux/isl-install --with-cloog=/builddir/build/BUILD/gcc-4.8.2-20131212/obj-x86_64-redhat-linux/cloog-install --with-tune=generic --with-arch_32=i686 --build=x86_64-redhat-linux
Thread model: posix
gcc version 4.8.2 20131212 (Red Hat 4.8.2-7) (GCC) 
COMPILER_PATH=/usr/libexec/gcc/x86_64-redhat-linux/4.8.2/:/usr/libexec/gcc/x86_64-redhat-linux/4.8.2/:/usr/libexec/gcc/x86_64-redhat-linux/:/usr/lib/gcc/x86_64-redhat-linux/4.8.2/:/usr/lib/gcc/x86_64-redhat-linux/
LIBRARY_PATH=/usr/lib/gcc/x86_64-redhat-linux/4.8.2/:/usr/lib/gcc/x86_64-redhat-linux/4.8.2/../../../../lib64/:/lib/../lib64/:/usr/lib/../lib64/:/usr/lib/gcc/x86_64-redhat-linux/4.8.2/../../../:/lib/:/usr/lib/
COLLECT_GCC_OPTIONS='-v' '-o' 'cmTryCompileExec2625812247' '-rdynamic' '-shared-libgcc' '-mtune=generic' '-march=x86-64'
 /usr/libexec/gcc/x86_64-redhat-linux/4.8.2/collect2 --build-id --no-add-needed --eh-frame-hdr --hash-style=gnu -m elf_x86_64 -export-dynamic -dynamic-linker /lib64/ld-linux-x86-64.so.2 -o cmTryCompileExec2625812247 /usr/lib/gcc/x86_64-redhat-linux/4.8.2/../../../../lib64/crt1.o /usr/lib/gcc/x86_64-redhat-linux/4.8.2/../../../../lib64/crti.o /usr/lib/gcc/x86_64-redhat-linux/4.8.2/crtbegin.o -L/usr/lib/gcc/x86_64-redhat-linux/4.8.2 -L/usr/lib/gcc/x86_64-redhat-linux/4.8.2/../../../../lib64 -L/lib/../lib64 -L/usr/lib/../lib64 -L/usr/lib/gcc/x86_64-redhat-linux/4.8.2/../../.. CMakeFiles/cmTryCompileExec2625812247.dir/CMakeCXXCompilerABI.cpp.o -lstdc++ -lm -lgcc_s -lgcc -lc -lgcc_s -lgcc /usr/lib/gcc/x86_64-redhat-linux/4.8.2/crtend.o /usr/lib/gcc/x86_64-redhat-linux/4.8.2/../../../../lib64/crtn.o
gmake[1]: Leaving directory `/home/duan/Downloads/xface-new/svn/trunk/CMakeFiles/CMakeTmp'


Parsed CXX implicit link information from above output:
  link line regex: [^( *|.*[/\])(ld|([^/\]+-)?ld|collect2)[^/\]*( |$)]
  ignore line: [Change Dir: /home/duan/Downloads/xface-new/svn/trunk/CMakeFiles/CMakeTmp]
  ignore line: []
  ignore line: [Run Build Command:/usr/bin/gmake "cmTryCompileExec2625812247/fast"]
  ignore line: [/usr/bin/gmake -f CMakeFiles/cmTryCompileExec2625812247.dir/build.make CMakeFiles/cmTryCompileExec2625812247.dir/build]
  ignore line: [gmake[1]: Entering directory `/home/duan/Downloads/xface-new/svn/trunk/CMakeFiles/CMakeTmp']
  ignore line: [/usr/bin/cmake -E cmake_progress_report /home/duan/Downloads/xface-new/svn/trunk/CMakeFiles/CMakeTmp/CMakeFiles 1]
  ignore line: [Building CXX object CMakeFiles/cmTryCompileExec2625812247.dir/CMakeCXXCompilerABI.cpp.o]
  ignore line: [/usr/lib64/ccache/c++     -o CMakeFiles/cmTryCompileExec2625812247.dir/CMakeCXXCompilerABI.cpp.o -c /usr/share/cmake/Modules/CMakeCXXCompilerABI.cpp]
  ignore line: [Linking CXX executable cmTryCompileExec2625812247]
  ignore line: [/usr/bin/cmake -E cmake_link_script CMakeFiles/cmTryCompileExec2625812247.dir/link.txt --verbose=1]
  ignore line: [/usr/lib64/ccache/c++      -v CMakeFiles/cmTryCompileExec2625812247.dir/CMakeCXXCompilerABI.cpp.o  -o cmTryCompileExec2625812247 -rdynamic  ]
  ignore line: [Using built-in specs.]
  ignore line: [COLLECT_GCC=/usr/bin/c++]
  ignore line: [COLLECT_LTO_WRAPPER=/usr/libexec/gcc/x86_64-redhat-linux/4.8.2/lto-wrapper]
  ignore line: [Target: x86_64-redhat-linux]
  ignore line: [Configured with: ../configure --prefix=/usr --mandir=/usr/share/man --infodir=/usr/share/info --with-bugurl=http://bugzilla.redhat.com/bugzilla --enable-bootstrap --enable-shared --enable-threads=posix --enable-checking=release --with-system-zlib --enable-__cxa_atexit --disable-libunwind-exceptions --enable-gnu-unique-object --enable-linker-build-id --with-linker-hash-style=gnu --enable-languages=c,c++,objc,obj-c++,java,fortran,ada,go,lto --enable-plugin --enable-initfini-array --enable-java-awt=gtk --disable-dssi --with-java-home=/usr/lib/jvm/java-1.5.0-gcj-1.5.0.0/jre --enable-libgcj-multifile --enable-java-maintainer-mode --with-ecj-jar=/usr/share/java/eclipse-ecj.jar --disable-libjava-multilib --with-isl=/builddir/build/BUILD/gcc-4.8.2-20131212/obj-x86_64-redhat-linux/isl-install --with-cloog=/builddir/build/BUILD/gcc-4.8.2-20131212/obj-x86_64-redhat-linux/cloog-install --with-tune=generic --with-arch_32=i686 --build=x86_64-redhat-linux]
  ignore line: [Thread model: posix]
  ignore line: [gcc version 4.8.2 20131212 (Red Hat 4.8.2-7) (GCC) ]
  ignore line: [COMPILER_PATH=/usr/libexec/gcc/x86_64-redhat-linux/4.8.2/:/usr/libexec/gcc/x86_64-redhat-linux/4.8.2/:/usr/libexec/gcc/x86_64-redhat-linux/:/usr/lib/gcc/x86_64-redhat-linux/4.8.2/:/usr/lib/gcc/x86_64-redhat-linux/]
  ignore line: [LIBRARY_PATH=/usr/lib/gcc/x86_64-redhat-linux/4.8.2/:/usr/lib/gcc/x86_64-redhat-linux/4.8.2/../../../../lib64/:/lib/../lib64/:/usr/lib/../lib64/:/usr/lib/gcc/x86_64-redhat-linux/4.8.2/../../../:/lib/:/usr/lib/]
  ignore line: [COLLECT_GCC_OPTIONS='-v' '-o' 'cmTryCompileExec2625812247' '-rdynamic' '-shared-libgcc' '-mtune=generic' '-march=x86-64']
  link line: [ /usr/libexec/gcc/x86_64-redhat-linux/4.8.2/collect2 --build-id --no-add-needed --eh-frame-hdr --hash-style=gnu -m elf_x86_64 -export-dynamic -dynamic-linker /lib64/ld-linux-x86-64.so.2 -o cmTryCompileExec2625812247 /usr/lib/gcc/x86_64-redhat-linux/4.8.2/../../../../lib64/crt1.o /usr/lib/gcc/x86_64-redhat-linux/4.8.2/../../../../lib64/crti.o /usr/lib/gcc/x86_64-redhat-linux/4.8.2/crtbegin.o -L/usr/lib/gcc/x86_64-redhat-linux/4.8.2 -L/usr/lib/gcc/x86_64-redhat-linux/4.8.2/../../../../lib64 -L/lib/../lib64 -L/usr/lib/../lib64 -L/usr/lib/gcc/x86_64-redhat-linux/4.8.2/../../.. CMakeFiles/cmTryCompileExec2625812247.dir/CMakeCXXCompilerABI.cpp.o -lstdc++ -lm -lgcc_s -lgcc -lc -lgcc_s -lgcc /usr/lib/gcc/x86_64-redhat-linux/4.8.2/crtend.o /usr/lib/gcc/x86_64-redhat-linux/4.8.2/../../../../lib64/crtn.o]
    arg [/usr/libexec/gcc/x86_64-redhat-linux/4.8.2/collect2] ==> ignore
    arg [--build-id] ==> ignore
    arg [--no-add-needed] ==> ignore
    arg [--eh-frame-hdr] ==> ignore
    arg [--hash-style=gnu] ==> ignore
    arg [-m] ==> ignore
    arg [elf_x86_64] ==> ignore
    arg [-export-dynamic] ==> ignore
    arg [-dynamic-linker] ==> ignore
    arg [/lib64/ld-linux-x86-64.so.2] ==> ignore
    arg [-o] ==> ignore
    arg [cmTryCompileExec2625812247] ==> ignore
    arg [/usr/lib/gcc/x86_64-redhat-linux/4.8.2/../../../../lib64/crt1.o] ==> ignore
    arg [/usr/lib/gcc/x86_64-redhat-linux/4.8.2/../../../../lib64/crti.o] ==> ignore
    arg [/usr/lib/gcc/x86_64-redhat-linux/4.8.2/crtbegin.o] ==> ignore
    arg [-L/usr/lib/gcc/x86_64-redhat-linux/4.8.2] ==> dir [/usr/lib/gcc/x86_64-redhat-linux/4.8.2]
    arg [-L/usr/lib/gcc/x86_64-redhat-linux/4.8.2/../../../../lib64] ==> dir [/usr/lib/gcc/x86_64-redhat-linux/4.8.2/../../../../lib64]
    arg [-L/lib/../lib64] ==> dir [/lib/../lib64]
    arg [-L/usr/lib/../lib64] ==> dir [/usr/lib/../lib64]
    arg [-L/usr/lib/gcc/x86_64-redhat-linux/4.8.2/../../..] ==> dir [/usr/lib/gcc/x86_64-redhat-linux/4.8.2/../../..]
    arg [CMakeFiles/cmTryCompileExec2625812247.dir/CMakeCXXCompilerABI.cpp.o] ==> ignore
    arg [-lstdc++] ==> lib [stdc++]
    arg [-lm] ==> lib [m]
    arg [-lgcc_s] ==> lib [gcc_s]
    arg [-lgcc] ==> lib [gcc]
    arg [-lc] ==> lib [c]
    arg [-lgcc_s] ==> lib [gcc_s]
    arg [-lgcc] ==> lib [gcc]
    arg [/usr/lib/gcc/x86_64-redhat-linux/4.8.2/crtend.o] ==> ignore
    arg [/usr/lib/gcc/x86_64-redhat-linux/4.8.2/../../../../lib64/crtn.o] ==> ignore
  remove lib [gcc_s]
  remove lib [gcc]
  remove lib [gcc_s]
  remove lib [gcc]
  collapse library dir [/usr/lib/gcc/x86_64-redhat-linux/4.8.2] ==> [/usr/lib/gcc/x86_64-redhat-linux/4.8.2]
  collapse library dir [/usr/lib/gcc/x86_64-redhat-linux/4.8.2/../../../../lib64] ==> [/usr/lib64]
  collapse library dir [/lib/../lib64] ==> [/lib64]
  collapse library dir [/usr/lib/../lib64] ==> [/usr/lib64]
  collapse library dir [/usr/lib/gcc/x86_64-redhat-linux/4.8.2/../../..] ==> [/usr/lib]
  implicit libs: [stdc++;m;c]
  implicit dirs: [/usr/lib/gcc/x86_64-redhat-linux/4.8.2;/usr/lib64;/lib64;/usr/lib]
  implicit fwks: []


Determining if the function XOpenDisplay exists in the /usr/lib64/libX11.so;/usr/lib64/libXext.so passed with the following output:
Change Dir: /home/duan/Downloads/xface-new/svn/trunk/CMakeFiles/CMakeTmp

Run Build Command:/usr/bin/gmake "cmTryCompileExec1229126081/fast"
/usr/bin/gmake -f CMakeFiles/cmTryCompileExec1229126081.dir/build.make CMakeFiles/cmTryCompileExec1229126081.dir/build
gmake[1]: Entering directory `/home/duan/Downloads/xface-new/svn/trunk/CMakeFiles/CMakeTmp'
/usr/bin/cmake -E cmake_progress_report /home/duan/Downloads/xface-new/svn/trunk/CMakeFiles/CMakeTmp/CMakeFiles 1
Building C object CMakeFiles/cmTryCompileExec1229126081.dir/CheckFunctionExists.c.o
/usr/lib64/ccache/cc   -DCHECK_FUNCTION_EXISTS=XOpenDisplay   -o CMakeFiles/cmTryCompileExec1229126081.dir/CheckFunctionExists.c.o   -c /usr/share/cmake/Modules/CheckFunctionExists.c
Linking C executable cmTryCompileExec1229126081
/usr/bin/cmake -E cmake_link_script CMakeFiles/cmTryCompileExec1229126081.dir/link.txt --verbose=1
/usr/lib64/ccache/cc   -DCHECK_FUNCTION_EXISTS=XOpenDisplay    CMakeFiles/cmTryCompileExec1229126081.dir/CheckFunctionExists.c.o  -o cmTryCompileExec1229126081 -rdynamic -lX11 -lXext 
gmake[1]: Leaving directory `/home/duan/Downloads/xface-new/svn/trunk/CMakeFiles/CMakeTmp'


Determining if the function gethostbyname exists passed with the following output:
Change Dir: /home/duan/Downloads/xface-new/svn/trunk/CMakeFiles/CMakeTmp

Run Build Command:/usr/bin/gmake "cmTryCompileExec2139996264/fast"
/usr/bin/gmake -f CMakeFiles/cmTryCompileExec2139996264.dir/build.make CMakeFiles/cmTryCompileExec2139996264.dir/build
gmake[1]: Entering directory `/home/duan/Downloads/xface-new/svn/trunk/CMakeFiles/CMakeTmp'
/usr/bin/cmake -E cmake_progress_report /home/duan/Downloads/xface-new/svn/trunk/CMakeFiles/CMakeTmp/CMakeFiles 1
Building C object CMakeFiles/cmTryCompileExec2139996264.dir/CheckFunctionExists.c.o
/usr/lib64/ccache/cc   -DCHECK_FUNCTION_EXISTS=gethostbyname   -o CMakeFiles/cmTryCompileExec2139996264.dir/CheckFunctionExists.c.o   -c /usr/share/cmake/Modules/CheckFunctionExists.c
Linking C executable cmTryCompileExec2139996264
/usr/bin/cmake -E cmake_link_script CMakeFiles/cmTryCompileExec2139996264.dir/link.txt --verbose=1
/usr/lib64/ccache/cc   -DCHECK_FUNCTION_EXISTS=gethostbyname    CMakeFiles/cmTryCompileExec2139996264.dir/CheckFunctionExists.c.o  -o cmTryCompileExec2139996264 -rdynamic 
gmake[1]: Leaving directory `/home/duan/Downloads/xface-new/svn/trunk/CMakeFiles/CMakeTmp'


Determining if the function connect exists passed with the following output:
Change Dir: /home/duan/Downloads/xface-new/svn/trunk/CMakeFiles/CMakeTmp

Run Build Command:/usr/bin/gmake "cmTryCompileExec2264365060/fast"
/usr/bin/gmake -f CMakeFiles/cmTryCompileExec2264365060.dir/build.make CMakeFiles/cmTryCompileExec2264365060.dir/build
gmake[1]: Entering directory `/home/duan/Downloads/xface-new/svn/trunk/CMakeFiles/CMakeTmp'
/usr/bin/cmake -E cmake_progress_report /home/duan/Downloads/xface-new/svn/trunk/CMakeFiles/CMakeTmp/CMakeFiles 1
Building C object CMakeFiles/cmTryCompileExec2264365060.dir/CheckFunctionExists.c.o
/usr/lib64/ccache/cc   -DCHECK_FUNCTION_EXISTS=connect   -o CMakeFiles/cmTryCompileExec2264365060.dir/CheckFunctionExists.c.o   -c /usr/share/cmake/Modules/CheckFunctionExists.c
Linking C executable cmTryCompileExec2264365060
/usr/bin/cmake -E cmake_link_script CMakeFiles/cmTryCompileExec2264365060.dir/link.txt --verbose=1
/usr/lib64/ccache/cc   -DCHECK_FUNCTION_EXISTS=connect    CMakeFiles/cmTryCompileExec2264365060.dir/CheckFunctionExists.c.o  -o cmTryCompileExec2264365060 -rdynamic 
gmake[1]: Leaving directory `/home/duan/Downloads/xface-new/svn/trunk/CMakeFiles/CMakeTmp'


Determining if the function remove exists passed with the following output:
Change Dir: /home/duan/Downloads/xface-new/svn/trunk/CMakeFiles/CMakeTmp

Run Build Command:/usr/bin/gmake "cmTryCompileExec1801882469/fast"
/usr/bin/gmake -f CMakeFiles/cmTryCompileExec1801882469.dir/build.make CMakeFiles/cmTryCompileExec1801882469.dir/build
gmake[1]: Entering directory `/home/duan/Downloads/xface-new/svn/trunk/CMakeFiles/CMakeTmp'
/usr/bin/cmake -E cmake_progress_report /home/duan/Downloads/xface-new/svn/trunk/CMakeFiles/CMakeTmp/CMakeFiles 1
Building C object CMakeFiles/cmTryCompileExec1801882469.dir/CheckFunctionExists.c.o
/usr/lib64/ccache/cc   -DCHECK_FUNCTION_EXISTS=remove   -o CMakeFiles/cmTryCompileExec1801882469.dir/CheckFunctionExists.c.o   -c /usr/share/cmake/Modules/CheckFunctionExists.c
Linking C executable cmTryCompileExec1801882469
/usr/bin/cmake -E cmake_link_script CMakeFiles/cmTryCompileExec1801882469.dir/link.txt --verbose=1
/usr/lib64/ccache/cc   -DCHECK_FUNCTION_EXISTS=remove    CMakeFiles/cmTryCompileExec1801882469.dir/CheckFunctionExists.c.o  -o cmTryCompileExec1801882469 -rdynamic 
gmake[1]: Leaving directory `/home/duan/Downloads/xface-new/svn/trunk/CMakeFiles/CMakeTmp'


Determining if the function shmat exists passed with the following output:
Change Dir: /home/duan/Downloads/xface-new/svn/trunk/CMakeFiles/CMakeTmp

Run Build Command:/usr/bin/gmake "cmTryCompileExec2997159665/fast"
/usr/bin/gmake -f CMakeFiles/cmTryCompileExec2997159665.dir/build.make CMakeFiles/cmTryCompileExec2997159665.dir/build
gmake[1]: Entering directory `/home/duan/Downloads/xface-new/svn/trunk/CMakeFiles/CMakeTmp'
/usr/bin/cmake -E cmake_progress_report /home/duan/Downloads/xface-new/svn/trunk/CMakeFiles/CMakeTmp/CMakeFiles 1
Building C object CMakeFiles/cmTryCompileExec2997159665.dir/CheckFunctionExists.c.o
/usr/lib64/ccache/cc   -DCHECK_FUNCTION_EXISTS=shmat   -o CMakeFiles/cmTryCompileExec2997159665.dir/CheckFunctionExists.c.o   -c /usr/share/cmake/Modules/CheckFunctionExists.c
Linking C executable cmTryCompileExec2997159665
/usr/bin/cmake -E cmake_link_script CMakeFiles/cmTryCompileExec2997159665.dir/link.txt --verbose=1
/usr/lib64/ccache/cc   -DCHECK_FUNCTION_EXISTS=shmat    CMakeFiles/cmTryCompileExec2997159665.dir/CheckFunctionExists.c.o  -o cmTryCompileExec2997159665 -rdynamic 
gmake[1]: Leaving directory `/home/duan/Downloads/xface-new/svn/trunk/CMakeFiles/CMakeTmp'


Determining if the function IceConnectionNumber exists in the ICE passed with the following output:
Change Dir: /home/duan/Downloads/xface-new/svn/trunk/CMakeFiles/CMakeTmp

Run Build Command:/usr/bin/gmake "cmTryCompileExec112866306/fast"
/usr/bin/gmake -f CMakeFiles/cmTryCompileExec112866306.dir/build.make CMakeFiles/cmTryCompileExec112866306.dir/build
gmake[1]: Entering directory `/home/duan/Downloads/xface-new/svn/trunk/CMakeFiles/CMakeTmp'
/usr/bin/cmake -E cmake_progress_report /home/duan/Downloads/xface-new/svn/trunk/CMakeFiles/CMakeTmp/CMakeFiles 1
Building C object CMakeFiles/cmTryCompileExec112866306.dir/CheckFunctionExists.c.o
/usr/lib64/ccache/cc   -DCHECK_FUNCTION_EXISTS=IceConnectionNumber   -o CMakeFiles/cmTryCompileExec112866306.dir/CheckFunctionExists.c.o   -c /usr/share/cmake/Modules/CheckFunctionExists.c
Linking C executable cmTryCompileExec112866306
/usr/bin/cmake -E cmake_link_script CMakeFiles/cmTryCompileExec112866306.dir/link.txt --verbose=1
/usr/lib64/ccache/cc   -DCHECK_FUNCTION_EXISTS=IceConnectionNumber    CMakeFiles/cmTryCompileExec112866306.dir/CheckFunctionExists.c.o  -o cmTryCompileExec112866306 -rdynamic -lICE 
gmake[1]: Leaving directory `/home/duan/Downloads/xface-new/svn/trunk/CMakeFiles/CMakeTmp'


Determining if files pthread.h exist passed with the following output:
Change Dir: /home/duan/Downloads/xface-new/svn/trunk/CMakeFiles/CMakeTmp

Run Build Command:/usr/bin/gmake "cmTryCompileExec4048524093/fast"
/usr/bin/gmake -f CMakeFiles/cmTryCompileExec4048524093.dir/build.make CMakeFiles/cmTryCompileExec4048524093.dir/build
gmake[1]: Entering directory `/home/duan/Downloads/xface-new/svn/trunk/CMakeFiles/CMakeTmp'
/usr/bin/cmake -E cmake_progress_report /home/duan/Downloads/xface-new/svn/trunk/CMakeFiles/CMakeTmp/CMakeFiles 1
Building C object CMakeFiles/cmTryCompileExec4048524093.dir/CheckIncludeFiles.c.o
/usr/lib64/ccache/cc    -o CMakeFiles/cmTryCompileExec4048524093.dir/CheckIncludeFiles.c.o   -c /home/duan/Downloads/xface-new/svn/trunk/CMakeFiles/CMakeTmp/CheckIncludeFiles.c
Linking C executable cmTryCompileExec4048524093
/usr/bin/cmake -E cmake_link_script CMakeFiles/cmTryCompileExec4048524093.dir/link.txt --verbose=1
/usr/lib64/ccache/cc       CMakeFiles/cmTryCompileExec4048524093.dir/CheckIncludeFiles.c.o  -o cmTryCompileExec4048524093 -rdynamic 
gmake[1]: Leaving directory `/home/duan/Downloads/xface-new/svn/trunk/CMakeFiles/CMakeTmp'


Determining if the function pthread_create exists in the pthread passed with the following output:
Change Dir: /home/duan/Downloads/xface-new/svn/trunk/CMakeFiles/CMakeTmp

Run Build Command:/usr/bin/gmake "cmTryCompileExec2039505494/fast"
/usr/bin/gmake -f CMakeFiles/cmTryCompileExec2039505494.dir/build.make CMakeFiles/cmTryCompileExec2039505494.dir/build
gmake[1]: Entering directory `/home/duan/Downloads/xface-new/svn/trunk/CMakeFiles/CMakeTmp'
/usr/bin/cmake -E cmake_progress_report /home/duan/Downloads/xface-new/svn/trunk/CMakeFiles/CMakeTmp/CMakeFiles 1
Building C object CMakeFiles/cmTryCompileExec2039505494.dir/CheckFunctionExists.c.o
/usr/lib64/ccache/cc   -DCHECK_FUNCTION_EXISTS=pthread_create   -o CMakeFiles/cmTryCompileExec2039505494.dir/CheckFunctionExists.c.o   -c /usr/share/cmake/Modules/CheckFunctionExists.c
Linking C executable cmTryCompileExec2039505494
/usr/bin/cmake -E cmake_link_script CMakeFiles/cmTryCompileExec2039505494.dir/link.txt --verbose=1
/usr/lib64/ccache/cc   -DCHECK_FUNCTION_EXISTS=pthread_create    CMakeFiles/cmTryCompileExec2039505494.dir/CheckFunctionExists.c.o  -o cmTryCompileExec2039505494 -rdynamic -lpthread 
gmake[1]: Leaving directory `/home/duan/Downloads/xface-new/svn/trunk/CMakeFiles/CMakeTmp'


Determining if the function XOpenDisplay exists in the /usr/lib64/libX11.so;/usr/lib64/libXext.so passed with the following output:
Change Dir: /home/duan/Downloads/xface-new/svn/trunk/CMakeFiles/CMakeTmp

Run Build Command:/usr/bin/gmake "cmTryCompileExec1774219163/fast"
/usr/bin/gmake -f CMakeFiles/cmTryCompileExec1774219163.dir/build.make CMakeFiles/cmTryCompileExec1774219163.dir/build
gmake[1]: Entering directory `/home/duan/Downloads/xface-new/svn/trunk/CMakeFiles/CMakeTmp'
/usr/bin/cmake -E cmake_progress_report /home/duan/Downloads/xface-new/svn/trunk/CMakeFiles/CMakeTmp/CMakeFiles 1
Building C object CMakeFiles/cmTryCompileExec1774219163.dir/CheckFunctionExists.c.o
/usr/lib64/ccache/cc   -DCHECK_FUNCTION_EXISTS=XOpenDisplay   -o CMakeFiles/cmTryCompileExec1774219163.dir/CheckFunctionExists.c.o   -c /usr/share/cmake/Modules/CheckFunctionExists.c
Linking C executable cmTryCompileExec1774219163
/usr/bin/cmake -E cmake_link_script CMakeFiles/cmTryCompileExec1774219163.dir/link.txt --verbose=1
/usr/lib64/ccache/cc   -DCHECK_FUNCTION_EXISTS=XOpenDisplay    CMakeFiles/cmTryCompileExec1774219163.dir/CheckFunctionExists.c.o  -o cmTryCompileExec1774219163 -rdynamic -lX11 -lXext 
gmake[1]: Leaving directory `/home/duan/Downloads/xface-new/svn/trunk/CMakeFiles/CMakeTmp'


Determining if the function gethostbyname exists passed with the following output:
Change Dir: /home/duan/Downloads/xface-new/svn/trunk/CMakeFiles/CMakeTmp

Run Build Command:/usr/bin/gmake "cmTryCompileExec736386438/fast"
/usr/bin/gmake -f CMakeFiles/cmTryCompileExec736386438.dir/build.make CMakeFiles/cmTryCompileExec736386438.dir/build
gmake[1]: Entering directory `/home/duan/Downloads/xface-new/svn/trunk/CMakeFiles/CMakeTmp'
/usr/bin/cmake -E cmake_progress_report /home/duan/Downloads/xface-new/svn/trunk/CMakeFiles/CMakeTmp/CMakeFiles 1
Building C object CMakeFiles/cmTryCompileExec736386438.dir/CheckFunctionExists.c.o
/usr/lib64/ccache/cc   -DCHECK_FUNCTION_EXISTS=gethostbyname   -o CMakeFiles/cmTryCompileExec736386438.dir/CheckFunctionExists.c.o   -c /usr/share/cmake/Modules/CheckFunctionExists.c
Linking C executable cmTryCompileExec736386438
/usr/bin/cmake -E cmake_link_script CMakeFiles/cmTryCompileExec736386438.dir/link.txt --verbose=1
/usr/lib64/ccache/cc   -DCHECK_FUNCTION_EXISTS=gethostbyname    CMakeFiles/cmTryCompileExec736386438.dir/CheckFunctionExists.c.o  -o cmTryCompileExec736386438 -rdynamic 
gmake[1]: Leaving directory `/home/duan/Downloads/xface-new/svn/trunk/CMakeFiles/CMakeTmp'


Determining if the function connect exists passed with the following output:
Change Dir: /home/duan/Downloads/xface-new/svn/trunk/CMakeFiles/CMakeTmp

Run Build Command:/usr/bin/gmake "cmTryCompileExec1409938929/fast"
/usr/bin/gmake -f CMakeFiles/cmTryCompileExec1409938929.dir/build.make CMakeFiles/cmTryCompileExec1409938929.dir/build
gmake[1]: Entering directory `/home/duan/Downloads/xface-new/svn/trunk/CMakeFiles/CMakeTmp'
/usr/bin/cmake -E cmake_progress_report /home/duan/Downloads/xface-new/svn/trunk/CMakeFiles/CMakeTmp/CMakeFiles 1
Building C object CMakeFiles/cmTryCompileExec1409938929.dir/CheckFunctionExists.c.o
/usr/lib64/ccache/cc   -DCHECK_FUNCTION_EXISTS=connect   -o CMakeFiles/cmTryCompileExec1409938929.dir/CheckFunctionExists.c.o   -c /usr/share/cmake/Modules/CheckFunctionExists.c
Linking C executable cmTryCompileExec1409938929
/usr/bin/cmake -E cmake_link_script CMakeFiles/cmTryCompileExec1409938929.dir/link.txt --verbose=1
/usr/lib64/ccache/cc   -DCHECK_FUNCTION_EXISTS=connect    CMakeFiles/cmTryCompileExec1409938929.dir/CheckFunctionExists.c.o  -o cmTryCompileExec1409938929 -rdynamic 
gmake[1]: Leaving directory `/home/duan/Downloads/xface-new/svn/trunk/CMakeFiles/CMakeTmp'


Determining if the function remove exists passed with the following output:
Change Dir: /home/duan/Downloads/xface-new/svn/trunk/CMakeFiles/CMakeTmp

Run Build Command:/usr/bin/gmake "cmTryCompileExec2320097753/fast"
/usr/bin/gmake -f CMakeFiles/cmTryCompileExec2320097753.dir/build.make CMakeFiles/cmTryCompileExec2320097753.dir/build
gmake[1]: Entering directory `/home/duan/Downloads/xface-new/svn/trunk/CMakeFiles/CMakeTmp'
/usr/bin/cmake -E cmake_progress_report /home/duan/Downloads/xface-new/svn/trunk/CMakeFiles/CMakeTmp/CMakeFiles 1
Building C object CMakeFiles/cmTryCompileExec2320097753.dir/CheckFunctionExists.c.o
/usr/lib64/ccache/cc   -DCHECK_FUNCTION_EXISTS=remove   -o CMakeFiles/cmTryCompileExec2320097753.dir/CheckFunctionExists.c.o   -c /usr/share/cmake/Modules/CheckFunctionExists.c
Linking C executable cmTryCompileExec2320097753
/usr/bin/cmake -E cmake_link_script CMakeFiles/cmTryCompileExec2320097753.dir/link.txt --verbose=1
/usr/lib64/ccache/cc   -DCHECK_FUNCTION_EXISTS=remove    CMakeFiles/cmTryCompileExec2320097753.dir/CheckFunctionExists.c.o  -o cmTryCompileExec2320097753 -rdynamic 
gmake[1]: Leaving directory `/home/duan/Downloads/xface-new/svn/trunk/CMakeFiles/CMakeTmp'


Determining if the function shmat exists passed with the following output:
Change Dir: /home/duan/Downloads/xface-new/svn/trunk/CMakeFiles/CMakeTmp

Run Build Command:/usr/bin/gmake "cmTryCompileExec3809285294/fast"
/usr/bin/gmake -f CMakeFiles/cmTryCompileExec3809285294.dir/build.make CMakeFiles/cmTryCompileExec3809285294.dir/build
gmake[1]: Entering directory `/home/duan/Downloads/xface-new/svn/trunk/CMakeFiles/CMakeTmp'
/usr/bin/cmake -E cmake_progress_report /home/duan/Downloads/xface-new/svn/trunk/CMakeFiles/CMakeTmp/CMakeFiles 1
Building C object CMakeFiles/cmTryCompileExec3809285294.dir/CheckFunctionExists.c.o
/usr/lib64/ccache/cc   -DCHECK_FUNCTION_EXISTS=shmat   -o CMakeFiles/cmTryCompileExec3809285294.dir/CheckFunctionExists.c.o   -c /usr/share/cmake/Modules/CheckFunctionExists.c
Linking C executable cmTryCompileExec3809285294
/usr/bin/cmake -E cmake_link_script CMakeFiles/cmTryCompileExec3809285294.dir/link.txt --verbose=1
/usr/lib64/ccache/cc   -DCHECK_FUNCTION_EXISTS=shmat    CMakeFiles/cmTryCompileExec3809285294.dir/CheckFunctionExists.c.o  -o cmTryCompileExec3809285294 -rdynamic 
gmake[1]: Leaving directory `/home/duan/Downloads/xface-new/svn/trunk/CMakeFiles/CMakeTmp'


Determining if the function IceConnectionNumber exists in the ICE passed with the following output:
Change Dir: /home/duan/Downloads/xface-new/svn/trunk/CMakeFiles/CMakeTmp

Run Build Command:/usr/bin/gmake "cmTryCompileExec637095988/fast"
/usr/bin/gmake -f CMakeFiles/cmTryCompileExec637095988.dir/build.make CMakeFiles/cmTryCompileExec637095988.dir/build
gmake[1]: Entering directory `/home/duan/Downloads/xface-new/svn/trunk/CMakeFiles/CMakeTmp'
/usr/bin/cmake -E cmake_progress_report /home/duan/Downloads/xface-new/svn/trunk/CMakeFiles/CMakeTmp/CMakeFiles 1
Building C object CMakeFiles/cmTryCompileExec637095988.dir/CheckFunctionExists.c.o
/usr/lib64/ccache/cc   -DCHECK_FUNCTION_EXISTS=IceConnectionNumber   -o CMakeFiles/cmTryCompileExec637095988.dir/CheckFunctionExists.c.o   -c /usr/share/cmake/Modules/CheckFunctionExists.c
Linking C executable cmTryCompileExec637095988
/usr/bin/cmake -E cmake_link_script CMakeFiles/cmTryCompileExec637095988.dir/link.txt --verbose=1
/usr/lib64/ccache/cc   -DCHECK_FUNCTION_EXISTS=IceConnectionNumber    CMakeFiles/cmTryCompileExec637095988.dir/CheckFunctionExists.c.o  -o cmTryCompileExec637095988 -rdynamic -lICE 
gmake[1]: Leaving directory `/home/duan/Downloads/xface-new/svn/trunk/CMakeFiles/CMakeTmp'


Determining if files pthread.h exist passed with the following output:
Change Dir: /home/duan/Downloads/xface-new/svn/trunk/CMakeFiles/CMakeTmp

Run Build Command:/usr/bin/gmake "cmTryCompileExec2003386699/fast"
/usr/bin/gmake -f CMakeFiles/cmTryCompileExec2003386699.dir/build.make CMakeFiles/cmTryCompileExec2003386699.dir/build
gmake[1]: Entering directory `/home/duan/Downloads/xface-new/svn/trunk/CMakeFiles/CMakeTmp'
/usr/bin/cmake -E cmake_progress_report /home/duan/Downloads/xface-new/svn/trunk/CMakeFiles/CMakeTmp/CMakeFiles 1
Building C object CMakeFiles/cmTryCompileExec2003386699.dir/CheckIncludeFiles.c.o
/usr/lib64/ccache/cc    -o CMakeFiles/cmTryCompileExec2003386699.dir/CheckIncludeFiles.c.o   -c /home/duan/Downloads/xface-new/svn/trunk/CMakeFiles/CMakeTmp/CheckIncludeFiles.c
Linking C executable cmTryCompileExec2003386699
/usr/bin/cmake -E cmake_link_script CMakeFiles/cmTryCompileExec2003386699.dir/link.txt --verbose=1
/usr/lib64/ccache/cc       CMakeFiles/cmTryCompileExec2003386699.dir/CheckIncludeFiles.c.o  -o cmTryCompileExec2003386699 -rdynamic 
gmake[1]: Leaving directory `/home/duan/Downloads/xface-new/svn/trunk/CMakeFiles/CMakeTmp'


Determining if the function pthread_create exists in the pthread passed with the following output:
Change Dir: /home/duan/Downloads/xface-new/svn/trunk/CMakeFiles/CMakeTmp

Run Build Command:/usr/bin/gmake "cmTryCompileExec2556854191/fast"
/usr/bin/gmake -f CMakeFiles/cmTryCompileExec2556854191.dir/build.make CMakeFiles/cmTryCompileExec2556854191.dir/build
gmake[1]: Entering directory `/home/duan/Downloads/xface-new/svn/trunk/CMakeFiles/CMakeTmp'
/usr/bin/cmake -E cmake_progress_report /home/duan/Downloads/xface-new/svn/trunk/CMakeFiles/CMakeTmp/CMakeFiles 1
Building C object CMakeFiles/cmTryCompileExec2556854191.dir/CheckFunctionExists.c.o
/usr/lib64/ccache/cc   -DCHECK_FUNCTION_EXISTS=pthread_create   -o CMakeFiles/cmTryCompileExec2556854191.dir/CheckFunctionExists.c.o   -c /usr/share/cmake/Modules/CheckFunctionExists.c
Linking C executable cmTryCompileExec2556854191
/usr/bin/cmake -E cmake_link_script CMakeFiles/cmTryCompileExec2556854191.dir/link.txt --verbose=1
/usr/lib64/ccache/cc   -DCHECK_FUNCTION_EXISTS=pthread_create    CMakeFiles/cmTryCompileExec2556854191.dir/CheckFunctionExists.c.o  -o cmTryCompileExec2556854191 -rdynamic -lpthread 
gmake[1]: Leaving directory `/home/duan/Downloads/xface-new/svn/trunk/CMakeFiles/CMakeTmp'


Determining if the function XOpenDisplay exists in the /usr/lib64/libX11.so;/usr/lib64/libXext.so passed with the following output:
Change Dir: /home/duan/workplace/xface-new/CMakeFiles/CMakeTmp

Run Build Command:/usr/bin/gmake "cmTryCompileExec1883093330/fast"
/usr/bin/gmake -f CMakeFiles/cmTryCompileExec1883093330.dir/build.make CMakeFiles/cmTryCompileExec1883093330.dir/build
gmake[1]: Entering directory `/home/duan/workplace/xface-new/CMakeFiles/CMakeTmp'
/usr/bin/cmake -E cmake_progress_report /home/duan/workplace/xface-new/CMakeFiles/CMakeTmp/CMakeFiles 1
Building C object CMakeFiles/cmTryCompileExec1883093330.dir/CheckFunctionExists.c.o
/usr/lib64/ccache/cc   -DCHECK_FUNCTION_EXISTS=XOpenDisplay   -o CMakeFiles/cmTryCompileExec1883093330.dir/CheckFunctionExists.c.o   -c /usr/share/cmake/Modules/CheckFunctionExists.c
Linking C executable cmTryCompileExec1883093330
/usr/bin/cmake -E cmake_link_script CMakeFiles/cmTryCompileExec1883093330.dir/link.txt --verbose=1
/usr/lib64/ccache/cc   -DCHECK_FUNCTION_EXISTS=XOpenDisplay    CMakeFiles/cmTryCompileExec1883093330.dir/CheckFunctionExists.c.o  -o cmTryCompileExec1883093330 -rdynamic -lX11 -lXext 
gmake[1]: Leaving directory `/home/duan/workplace/xface-new/CMakeFiles/CMakeTmp'


Determining if the function gethostbyname exists passed with the following output:
Change Dir: /home/duan/workplace/xface-new/CMakeFiles/CMakeTmp

Run Build Command:/usr/bin/gmake "cmTryCompileExec2955592928/fast"
/usr/bin/gmake -f CMakeFiles/cmTryCompileExec2955592928.dir/build.make CMakeFiles/cmTryCompileExec2955592928.dir/build
gmake[1]: Entering directory `/home/duan/workplace/xface-new/CMakeFiles/CMakeTmp'
/usr/bin/cmake -E cmake_progress_report /home/duan/workplace/xface-new/CMakeFiles/CMakeTmp/CMakeFiles 1
Building C object CMakeFiles/cmTryCompileExec2955592928.dir/CheckFunctionExists.c.o
/usr/lib64/ccache/cc   -DCHECK_FUNCTION_EXISTS=gethostbyname   -o CMakeFiles/cmTryCompileExec2955592928.dir/CheckFunctionExists.c.o   -c /usr/share/cmake/Modules/CheckFunctionExists.c
Linking C executable cmTryCompileExec2955592928
/usr/bin/cmake -E cmake_link_script CMakeFiles/cmTryCompileExec2955592928.dir/link.txt --verbose=1
/usr/lib64/ccache/cc   -DCHECK_FUNCTION_EXISTS=gethostbyname    CMakeFiles/cmTryCompileExec2955592928.dir/CheckFunctionExists.c.o  -o cmTryCompileExec2955592928 -rdynamic 
gmake[1]: Leaving directory `/home/duan/workplace/xface-new/CMakeFiles/CMakeTmp'


Determining if the function connect exists passed with the following output:
Change Dir: /home/duan/workplace/xface-new/CMakeFiles/CMakeTmp

Run Build Command:/usr/bin/gmake "cmTryCompileExec3355614713/fast"
/usr/bin/gmake -f CMakeFiles/cmTryCompileExec3355614713.dir/build.make CMakeFiles/cmTryCompileExec3355614713.dir/build
gmake[1]: Entering directory `/home/duan/workplace/xface-new/CMakeFiles/CMakeTmp'
/usr/bin/cmake -E cmake_progress_report /home/duan/workplace/xface-new/CMakeFiles/CMakeTmp/CMakeFiles 1
Building C object CMakeFiles/cmTryCompileExec3355614713.dir/CheckFunctionExists.c.o
/usr/lib64/ccache/cc   -DCHECK_FUNCTION_EXISTS=connect   -o CMakeFiles/cmTryCompileExec3355614713.dir/CheckFunctionExists.c.o   -c /usr/share/cmake/Modules/CheckFunctionExists.c
Linking C executable cmTryCompileExec3355614713
/usr/bin/cmake -E cmake_link_script CMakeFiles/cmTryCompileExec3355614713.dir/link.txt --verbose=1
/usr/lib64/ccache/cc   -DCHECK_FUNCTION_EXISTS=connect    CMakeFiles/cmTryCompileExec3355614713.dir/CheckFunctionExists.c.o  -o cmTryCompileExec3355614713 -rdynamic 
gmake[1]: Leaving directory `/home/duan/workplace/xface-new/CMakeFiles/CMakeTmp'


Determining if the function remove exists passed with the following output:
Change Dir: /home/duan/workplace/xface-new/CMakeFiles/CMakeTmp

Run Build Command:/usr/bin/gmake "cmTryCompileExec4183547091/fast"
/usr/bin/gmake -f CMakeFiles/cmTryCompileExec4183547091.dir/build.make CMakeFiles/cmTryCompileExec4183547091.dir/build
gmake[1]: Entering directory `/home/duan/workplace/xface-new/CMakeFiles/CMakeTmp'
/usr/bin/cmake -E cmake_progress_report /home/duan/workplace/xface-new/CMakeFiles/CMakeTmp/CMakeFiles 1
Building C object CMakeFiles/cmTryCompileExec4183547091.dir/CheckFunctionExists.c.o
/usr/lib64/ccache/cc   -DCHECK_FUNCTION_EXISTS=remove   -o CMakeFiles/cmTryCompileExec4183547091.dir/CheckFunctionExists.c.o   -c /usr/share/cmake/Modules/CheckFunctionExists.c
Linking C executable cmTryCompileExec4183547091
/usr/bin/cmake -E cmake_link_script CMakeFiles/cmTryCompileExec4183547091.dir/link.txt --verbose=1
/usr/lib64/ccache/cc   -DCHECK_FUNCTION_EXISTS=remove    CMakeFiles/cmTryCompileExec4183547091.dir/CheckFunctionExists.c.o  -o cmTryCompileExec4183547091 -rdynamic 
gmake[1]: Leaving directory `/home/duan/workplace/xface-new/CMakeFiles/CMakeTmp'


Determining if the function shmat exists passed with the following output:
Change Dir: /home/duan/workplace/xface-new/CMakeFiles/CMakeTmp

Run Build Command:/usr/bin/gmake "cmTryCompileExec477814798/fast"
/usr/bin/gmake -f CMakeFiles/cmTryCompileExec477814798.dir/build.make CMakeFiles/cmTryCompileExec477814798.dir/build
gmake[1]: Entering directory `/home/duan/workplace/xface-new/CMakeFiles/CMakeTmp'
/usr/bin/cmake -E cmake_progress_report /home/duan/workplace/xface-new/CMakeFiles/CMakeTmp/CMakeFiles 1
Building C object CMakeFiles/cmTryCompileExec477814798.dir/CheckFunctionExists.c.o
/usr/lib64/ccache/cc   -DCHECK_FUNCTION_EXISTS=shmat   -o CMakeFiles/cmTryCompileExec477814798.dir/CheckFunctionExists.c.o   -c /usr/share/cmake/Modules/CheckFunctionExists.c
Linking C executable cmTryCompileExec477814798
/usr/bin/cmake -E cmake_link_script CMakeFiles/cmTryCompileExec477814798.dir/link.txt --verbose=1
/usr/lib64/ccache/cc   -DCHECK_FUNCTION_EXISTS=shmat    CMakeFiles/cmTryCompileExec477814798.dir/CheckFunctionExists.c.o  -o cmTryCompileExec477814798 -rdynamic 
gmake[1]: Leaving directory `/home/duan/workplace/xface-new/CMakeFiles/CMakeTmp'


Determining if the function IceConnectionNumber exists in the ICE passed with the following output:
Change Dir: /home/duan/workplace/xface-new/CMakeFiles/CMakeTmp

Run Build Command:/usr/bin/gmake "cmTryCompileExec4166329109/fast"
/usr/bin/gmake -f CMakeFiles/cmTryCompileExec4166329109.dir/build.make CMakeFiles/cmTryCompileExec4166329109.dir/build
gmake[1]: Entering directory `/home/duan/workplace/xface-new/CMakeFiles/CMakeTmp'
/usr/bin/cmake -E cmake_progress_report /home/duan/workplace/xface-new/CMakeFiles/CMakeTmp/CMakeFiles 1
Building C object CMakeFiles/cmTryCompileExec4166329109.dir/CheckFunctionExists.c.o
/usr/lib64/ccache/cc   -DCHECK_FUNCTION_EXISTS=IceConnectionNumber   -o CMakeFiles/cmTryCompileExec4166329109.dir/CheckFunctionExists.c.o   -c /usr/share/cmake/Modules/CheckFunctionExists.c
Linking C executable cmTryCompileExec4166329109
/usr/bin/cmake -E cmake_link_script CMakeFiles/cmTryCompileExec4166329109.dir/link.txt --verbose=1
/usr/lib64/ccache/cc   -DCHECK_FUNCTION_EXISTS=IceConnectionNumber    CMakeFiles/cmTryCompileExec4166329109.dir/CheckFunctionExists.c.o  -o cmTryCompileExec4166329109 -rdynamic -lICE 
gmake[1]: Leaving directory `/home/duan/workplace/xface-new/CMakeFiles/CMakeTmp'


Determining if files pthread.h exist passed with the following output:
Change Dir: /home/duan/workplace/xface-new/CMakeFiles/CMakeTmp

Run Build Command:/usr/bin/gmake "cmTryCompileExec4239321472/fast"
/usr/bin/gmake -f CMakeFiles/cmTryCompileExec4239321472.dir/build.make CMakeFiles/cmTryCompileExec4239321472.dir/build
gmake[1]: Entering directory `/home/duan/workplace/xface-new/CMakeFiles/CMakeTmp'
/usr/bin/cmake -E cmake_progress_report /home/duan/workplace/xface-new/CMakeFiles/CMakeTmp/CMakeFiles 1
Building C object CMakeFiles/cmTryCompileExec4239321472.dir/CheckIncludeFiles.c.o
/usr/lib64/ccache/cc    -o CMakeFiles/cmTryCompileExec4239321472.dir/CheckIncludeFiles.c.o   -c /home/duan/workplace/xface-new/CMakeFiles/CMakeTmp/CheckIncludeFiles.c
Linking C executable cmTryCompileExec4239321472
/usr/bin/cmake -E cmake_link_script CMakeFiles/cmTryCompileExec4239321472.dir/link.txt --verbose=1
/usr/lib64/ccache/cc       CMakeFiles/cmTryCompileExec4239321472.dir/CheckIncludeFiles.c.o  -o cmTryCompileExec4239321472 -rdynamic 
gmake[1]: Leaving directory `/home/duan/workplace/xface-new/CMakeFiles/CMakeTmp'


Determining if the function pthread_create exists in the pthread passed with the following output:
Change Dir: /home/duan/workplace/xface-new/CMakeFiles/CMakeTmp

Run Build Command:/usr/bin/gmake "cmTryCompileExec3239733509/fast"
/usr/bin/gmake -f CMakeFiles/cmTryCompileExec3239733509.dir/build.make CMakeFiles/cmTryCompileExec3239733509.dir/build
gmake[1]: Entering directory `/home/duan/workplace/xface-new/CMakeFiles/CMakeTmp'
/usr/bin/cmake -E cmake_progress_report /home/duan/workplace/xface-new/CMakeFiles/CMakeTmp/CMakeFiles 1
Building C object CMakeFiles/cmTryCompileExec3239733509.dir/CheckFunctionExists.c.o
/usr/lib64/ccache/cc   -DCHECK_FUNCTION_EXISTS=pthread_create   -o CMakeFiles/cmTryCompileExec3239733509.dir/CheckFunctionExists.c.o   -c /usr/share/cmake/Modules/CheckFunctionExists.c
Linking C executable cmTryCompileExec3239733509
/usr/bin/cmake -E cmake_link_script CMakeFiles/cmTryCompileExec3239733509.dir/link.txt --verbose=1
/usr/lib64/ccache/cc   -DCHECK_FUNCTION_EXISTS=pthread_create    CMakeFiles/cmTryCompileExec3239733509.dir/CheckFunctionExists.c.o  -o cmTryCompileExec3239733509 -rdynamic -lpthread 
gmake[1]: Leaving directory `/home/duan/workplace/xface-new/CMakeFiles/CMakeTmp'


Determining if the function XOpenDisplay exists in the /usr/lib64/libX11.so;/usr/lib64/libXext.so passed with the following output:
Change Dir: /home/duan/workplace/xface-new/CMakeFiles/CMakeTmp

Run Build Command:/usr/bin/gmake "cmTryCompileExec784534812/fast"
/usr/bin/gmake -f CMakeFiles/cmTryCompileExec784534812.dir/build.make CMakeFiles/cmTryCompileExec784534812.dir/build
gmake[1]: Entering directory `/home/duan/workplace/xface-new/CMakeFiles/CMakeTmp'
/usr/bin/cmake -E cmake_progress_report /home/duan/workplace/xface-new/CMakeFiles/CMakeTmp/CMakeFiles 1
Building C object CMakeFiles/cmTryCompileExec784534812.dir/CheckFunctionExists.c.o
/usr/lib64/ccache/cc   -DCHECK_FUNCTION_EXISTS=XOpenDisplay   -o CMakeFiles/cmTryCompileExec784534812.dir/CheckFunctionExists.c.o   -c /usr/share/cmake/Modules/CheckFunctionExists.c
Linking C executable cmTryCompileExec784534812
/usr/bin/cmake -E cmake_link_script CMakeFiles/cmTryCompileExec784534812.dir/link.txt --verbose=1
/usr/lib64/ccache/cc   -DCHECK_FUNCTION_EXISTS=XOpenDisplay    CMakeFiles/cmTryCompileExec784534812.dir/CheckFunctionExists.c.o  -o cmTryCompileExec784534812 -rdynamic -lX11 -lXext 
gmake[1]: Leaving directory `/home/duan/workplace/xface-new/CMakeFiles/CMakeTmp'


Determining if the function gethostbyname exists passed with the following output:
Change Dir: /home/duan/workplace/xface-new/CMakeFiles/CMakeTmp

Run Build Command:/usr/bin/gmake "cmTryCompileExec1103213260/fast"
/usr/bin/gmake -f CMakeFiles/cmTryCompileExec1103213260.dir/build.make CMakeFiles/cmTryCompileExec1103213260.dir/build
gmake[1]: Entering directory `/home/duan/workplace/xface-new/CMakeFiles/CMakeTmp'
/usr/bin/cmake -E cmake_progress_report /home/duan/workplace/xface-new/CMakeFiles/CMakeTmp/CMakeFiles 1
Building C object CMakeFiles/cmTryCompileExec1103213260.dir/CheckFunctionExists.c.o
/usr/lib64/ccache/cc   -DCHECK_FUNCTION_EXISTS=gethostbyname   -o CMakeFiles/cmTryCompileExec1103213260.dir/CheckFunctionExists.c.o   -c /usr/share/cmake/Modules/CheckFunctionExists.c
Linking C executable cmTryCompileExec1103213260
/usr/bin/cmake -E cmake_link_script CMakeFiles/cmTryCompileExec1103213260.dir/link.txt --verbose=1
/usr/lib64/ccache/cc   -DCHECK_FUNCTION_EXISTS=gethostbyname    CMakeFiles/cmTryCompileExec1103213260.dir/CheckFunctionExists.c.o  -o cmTryCompileExec1103213260 -rdynamic 
gmake[1]: Leaving directory `/home/duan/workplace/xface-new/CMakeFiles/CMakeTmp'


Determining if the function connect exists passed with the following output:
Change Dir: /home/duan/workplace/xface-new/CMakeFiles/CMakeTmp

Run Build Command:/usr/bin/gmake "cmTryCompileExec3740242722/fast"
/usr/bin/gmake -f CMakeFiles/cmTryCompileExec3740242722.dir/build.make CMakeFiles/cmTryCompileExec3740242722.dir/build
gmake[1]: Entering directory `/home/duan/workplace/xface-new/CMakeFiles/CMakeTmp'
/usr/bin/cmake -E cmake_progress_report /home/duan/workplace/xface-new/CMakeFiles/CMakeTmp/CMakeFiles 1
Building C object CMakeFiles/cmTryCompileExec3740242722.dir/CheckFunctionExists.c.o
/usr/lib64/ccache/cc   -DCHECK_FUNCTION_EXISTS=connect   -o CMakeFiles/cmTryCompileExec3740242722.dir/CheckFunctionExists.c.o   -c /usr/share/cmake/Modules/CheckFunctionExists.c
Linking C executable cmTryCompileExec3740242722
/usr/bin/cmake -E cmake_link_script CMakeFiles/cmTryCompileExec3740242722.dir/link.txt --verbose=1
/usr/lib64/ccache/cc   -DCHECK_FUNCTION_EXISTS=connect    CMakeFiles/cmTryCompileExec3740242722.dir/CheckFunctionExists.c.o  -o cmTryCompileExec3740242722 -rdynamic 
gmake[1]: Leaving directory `/home/duan/workplace/xface-new/CMakeFiles/CMakeTmp'


Determining if the function remove exists passed with the following output:
Change Dir: /home/duan/workplace/xface-new/CMakeFiles/CMakeTmp

Run Build Command:/usr/bin/gmake "cmTryCompileExec2458160851/fast"
/usr/bin/gmake -f CMakeFiles/cmTryCompileExec2458160851.dir/build.make CMakeFiles/cmTryCompileExec2458160851.dir/build
gmake[1]: Entering directory `/home/duan/workplace/xface-new/CMakeFiles/CMakeTmp'
/usr/bin/cmake -E cmake_progress_report /home/duan/workplace/xface-new/CMakeFiles/CMakeTmp/CMakeFiles 1
Building C object CMakeFiles/cmTryCompileExec2458160851.dir/CheckFunctionExists.c.o
/usr/lib64/ccache/cc   -DCHECK_FUNCTION_EXISTS=remove   -o CMakeFiles/cmTryCompileExec2458160851.dir/CheckFunctionExists.c.o   -c /usr/share/cmake/Modules/CheckFunctionExists.c
Linking C executable cmTryCompileExec2458160851
/usr/bin/cmake -E cmake_link_script CMakeFiles/cmTryCompileExec2458160851.dir/link.txt --verbose=1
/usr/lib64/ccache/cc   -DCHECK_FUNCTION_EXISTS=remove    CMakeFiles/cmTryCompileExec2458160851.dir/CheckFunctionExists.c.o  -o cmTryCompileExec2458160851 -rdynamic 
gmake[1]: Leaving directory `/home/duan/workplace/xface-new/CMakeFiles/CMakeTmp'


Determining if the function shmat exists passed with the following output:
Change Dir: /home/duan/workplace/xface-new/CMakeFiles/CMakeTmp

Run Build Command:/usr/bin/gmake "cmTryCompileExec995603923/fast"
/usr/bin/gmake -f CMakeFiles/cmTryCompileExec995603923.dir/build.make CMakeFiles/cmTryCompileExec995603923.dir/build
gmake[1]: Entering directory `/home/duan/workplace/xface-new/CMakeFiles/CMakeTmp'
/usr/bin/cmake -E cmake_progress_report /home/duan/workplace/xface-new/CMakeFiles/CMakeTmp/CMakeFiles 1
Building C object CMakeFiles/cmTryCompileExec995603923.dir/CheckFunctionExists.c.o
/usr/lib64/ccache/cc   -DCHECK_FUNCTION_EXISTS=shmat   -o CMakeFiles/cmTryCompileExec995603923.dir/CheckFunctionExists.c.o   -c /usr/share/cmake/Modules/CheckFunctionExists.c
Linking C executable cmTryCompileExec995603923
/usr/bin/cmake -E cmake_link_script CMakeFiles/cmTryCompileExec995603923.dir/link.txt --verbose=1
/usr/lib64/ccache/cc   -DCHECK_FUNCTION_EXISTS=shmat    CMakeFiles/cmTryCompileExec995603923.dir/CheckFunctionExists.c.o  -o cmTryCompileExec995603923 -rdynamic 
gmake[1]: Leaving directory `/home/duan/workplace/xface-new/CMakeFiles/CMakeTmp'


Determining if the function IceConnectionNumber exists in the ICE passed with the following output:
Change Dir: /home/duan/workplace/xface-new/CMakeFiles/CMakeTmp

Run Build Command:/usr/bin/gmake "cmTryCompileExec2227402055/fast"
/usr/bin/gmake -f CMakeFiles/cmTryCompileExec2227402055.dir/build.make CMakeFiles/cmTryCompileExec2227402055.dir/build
gmake[1]: Entering directory `/home/duan/workplace/xface-new/CMakeFiles/CMakeTmp'
/usr/bin/cmake -E cmake_progress_report /home/duan/workplace/xface-new/CMakeFiles/CMakeTmp/CMakeFiles 1
Building C object CMakeFiles/cmTryCompileExec2227402055.dir/CheckFunctionExists.c.o
/usr/lib64/ccache/cc   -DCHECK_FUNCTION_EXISTS=IceConnectionNumber   -o CMakeFiles/cmTryCompileExec2227402055.dir/CheckFunctionExists.c.o   -c /usr/share/cmake/Modules/CheckFunctionExists.c
Linking C executable cmTryCompileExec2227402055
/usr/bin/cmake -E cmake_link_script CMakeFiles/cmTryCompileExec2227402055.dir/link.txt --verbose=1
/usr/lib64/ccache/cc   -DCHECK_FUNCTION_EXISTS=IceConnectionNumber    CMakeFiles/cmTryCompileExec2227402055.dir/CheckFunctionExists.c.o  -o cmTryCompileExec2227402055 -rdynamic -lICE 
gmake[1]: Leaving directory `/home/duan/workplace/xface-new/CMakeFiles/CMakeTmp'


Determining if files pthread.h exist passed with the following output:
Change Dir: /home/duan/workplace/xface-new/CMakeFiles/CMakeTmp

Run Build Command:/usr/bin/gmake "cmTryCompileExec3379398623/fast"
/usr/bin/gmake -f CMakeFiles/cmTryCompileExec3379398623.dir/build.make CMakeFiles/cmTryCompileExec3379398623.dir/build
gmake[1]: Entering directory `/home/duan/workplace/xface-new/CMakeFiles/CMakeTmp'
/usr/bin/cmake -E cmake_progress_report /home/duan/workplace/xface-new/CMakeFiles/CMakeTmp/CMakeFiles 1
Building C object CMakeFiles/cmTryCompileExec3379398623.dir/CheckIncludeFiles.c.o
/usr/lib64/ccache/cc    -o CMakeFiles/cmTryCompileExec3379398623.dir/CheckIncludeFiles.c.o   -c /home/duan/workplace/xface-new/CMakeFiles/CMakeTmp/CheckIncludeFiles.c
Linking C executable cmTryCompileExec3379398623
/usr/bin/cmake -E cmake_link_script CMakeFiles/cmTryCompileExec3379398623.dir/link.txt --verbose=1
/usr/lib64/ccache/cc       CMakeFiles/cmTryCompileExec3379398623.dir/CheckIncludeFiles.c.o  -o cmTryCompileExec3379398623 -rdynamic 
gmake[1]: Leaving directory `/home/duan/workplace/xface-new/CMakeFiles/CMakeTmp'


Determining if the function pthread_create exists in the pthread passed with the following output:
Change Dir: /home/duan/workplace/xface-new/CMakeFiles/CMakeTmp

Run Build Command:/usr/bin/gmake "cmTryCompileExec69962611/fast"
/usr/bin/gmake -f CMakeFiles/cmTryCompileExec69962611.dir/build.make CMakeFiles/cmTryCompileExec69962611.dir/build
gmake[1]: Entering directory `/home/duan/workplace/xface-new/CMakeFiles/CMakeTmp'
/usr/bin/cmake -E cmake_progress_report /home/duan/workplace/xface-new/CMakeFiles/CMakeTmp/CMakeFiles 1
Building C object CMakeFiles/cmTryCompileExec69962611.dir/CheckFunctionExists.c.o
/usr/lib64/ccache/cc   -DCHECK_FUNCTION_EXISTS=pthread_create   -o CMakeFiles/cmTryCompileExec69962611.dir/CheckFunctionExists.c.o   -c /usr/share/cmake/Modules/CheckFunctionExists.c
Linking C executable cmTryCompileExec69962611
/usr/bin/cmake -E cmake_link_script CMakeFiles/cmTryCompileExec69962611.dir/link.txt --verbose=1
/usr/lib64/ccache/cc   -DCHECK_FUNCTION_EXISTS=pthread_create    CMakeFiles/cmTryCompileExec69962611.dir/CheckFunctionExists.c.o  -o cmTryCompileExec69962611 -rdynamic -lpthread 
gmake[1]: Leaving directory `/home/duan/workplace/xface-new/CMakeFiles/CMakeTmp'


