Determining if the pthread_create exist failed with the following output:
Change Dir: /home/duan/Downloads/xface-new/svn/trunk/CMakeFiles/CMakeTmp

Run Build Command:/usr/bin/gmake "cmTryCompileExec1277212814/fast"
/usr/bin/gmake -f CMakeFiles/cmTryCompileExec1277212814.dir/build.make CMakeFiles/cmTryCompileExec1277212814.dir/build
gmake[1]: Entering directory `/home/duan/Downloads/xface-new/svn/trunk/CMakeFiles/CMakeTmp'
/usr/bin/cmake -E cmake_progress_report /home/duan/Downloads/xface-new/svn/trunk/CMakeFiles/CMakeTmp/CMakeFiles 1
Building C object CMakeFiles/cmTryCompileExec1277212814.dir/CheckSymbolExists.c.o
/usr/lib64/ccache/cc    -o CMakeFiles/cmTryCompileExec1277212814.dir/CheckSymbolExists.c.o   -c /home/duan/Downloads/xface-new/svn/trunk/CMakeFiles/CMakeTmp/CheckSymbolExists.c
Linking C executable cmTryCompileExec1277212814
/usr/bin/cmake -E cmake_link_script CMakeFiles/cmTryCompileExec1277212814.dir/link.txt --verbose=1
/usr/lib64/ccache/cc       CMakeFiles/cmTryCompileExec1277212814.dir/CheckSymbolExists.c.o  -o cmTryCompileExec1277212814 -rdynamic 
CMakeFiles/cmTryCompileExec1277212814.dir/CheckSymbolExists.c.o: In function `main':
CheckSymbolExists.c:(.text+0x16): undefined reference to `pthread_create'
collect2: error: ld returned 1 exit status
gmake[1]: *** [cmTryCompileExec1277212814] Error 1
gmake[1]: Leaving directory `/home/duan/Downloads/xface-new/svn/trunk/CMakeFiles/CMakeTmp'
gmake: *** [cmTryCompileExec1277212814/fast] Error 2

File /home/duan/Downloads/xface-new/svn/trunk/CMakeFiles/CMakeTmp/CheckSymbolExists.c:
/* */
#include <pthread.h>

int main(int argc, char** argv)
{
  (void)argv;
#ifndef pthread_create
  return ((int*)(&pthread_create))[argc];
#else
  (void)argc;
  return 0;
#endif
}

Determining if the function pthread_create exists in the pthreads failed with the following output:
Change Dir: /home/duan/Downloads/xface-new/svn/trunk/CMakeFiles/CMakeTmp

Run Build Command:/usr/bin/gmake "cmTryCompileExec117060135/fast"
/usr/bin/gmake -f CMakeFiles/cmTryCompileExec117060135.dir/build.make CMakeFiles/cmTryCompileExec117060135.dir/build
gmake[1]: Entering directory `/home/duan/Downloads/xface-new/svn/trunk/CMakeFiles/CMakeTmp'
/usr/bin/cmake -E cmake_progress_report /home/duan/Downloads/xface-new/svn/trunk/CMakeFiles/CMakeTmp/CMakeFiles 1
Building C object CMakeFiles/cmTryCompileExec117060135.dir/CheckFunctionExists.c.o
/usr/lib64/ccache/cc   -DCHECK_FUNCTION_EXISTS=pthread_create   -o CMakeFiles/cmTryCompileExec117060135.dir/CheckFunctionExists.c.o   -c /usr/share/cmake/Modules/CheckFunctionExists.c
Linking C executable cmTryCompileExec117060135
/usr/bin/cmake -E cmake_link_script CMakeFiles/cmTryCompileExec117060135.dir/link.txt --verbose=1
/usr/lib64/ccache/cc   -DCHECK_FUNCTION_EXISTS=pthread_create    CMakeFiles/cmTryCompileExec117060135.dir/CheckFunctionExists.c.o  -o cmTryCompileExec117060135 -rdynamic -lpthreads 
/usr/bin/ld: cannot find -lpthreads
collect2: error: ld returned 1 exit status
gmake[1]: *** [cmTryCompileExec117060135] Error 1
gmake[1]: Leaving directory `/home/duan/Downloads/xface-new/svn/trunk/CMakeFiles/CMakeTmp'
gmake: *** [cmTryCompileExec117060135/fast] Error 2


Determining if the pthread_create exist failed with the following output:
Change Dir: /home/duan/Downloads/xface-new/svn/trunk/CMakeFiles/CMakeTmp

Run Build Command:/usr/bin/gmake "cmTryCompileExec3915872913/fast"
/usr/bin/gmake -f CMakeFiles/cmTryCompileExec3915872913.dir/build.make CMakeFiles/cmTryCompileExec3915872913.dir/build
gmake[1]: Entering directory `/home/duan/Downloads/xface-new/svn/trunk/CMakeFiles/CMakeTmp'
/usr/bin/cmake -E cmake_progress_report /home/duan/Downloads/xface-new/svn/trunk/CMakeFiles/CMakeTmp/CMakeFiles 1
Building C object CMakeFiles/cmTryCompileExec3915872913.dir/CheckSymbolExists.c.o
/usr/lib64/ccache/cc    -o CMakeFiles/cmTryCompileExec3915872913.dir/CheckSymbolExists.c.o   -c /home/duan/Downloads/xface-new/svn/trunk/CMakeFiles/CMakeTmp/CheckSymbolExists.c
Linking C executable cmTryCompileExec3915872913
/usr/bin/cmake -E cmake_link_script CMakeFiles/cmTryCompileExec3915872913.dir/link.txt --verbose=1
/usr/lib64/ccache/cc       CMakeFiles/cmTryCompileExec3915872913.dir/CheckSymbolExists.c.o  -o cmTryCompileExec3915872913 -rdynamic 
CMakeFiles/cmTryCompileExec3915872913.dir/CheckSymbolExists.c.o: In function `main':
CheckSymbolExists.c:(.text+0x16): undefined reference to `pthread_create'
collect2: error: ld returned 1 exit status
gmake[1]: *** [cmTryCompileExec3915872913] Error 1
gmake[1]: Leaving directory `/home/duan/Downloads/xface-new/svn/trunk/CMakeFiles/CMakeTmp'
gmake: *** [cmTryCompileExec3915872913/fast] Error 2

File /home/duan/Downloads/xface-new/svn/trunk/CMakeFiles/CMakeTmp/CheckSymbolExists.c:
/* */
#include <pthread.h>

int main(int argc, char** argv)
{
  (void)argv;
#ifndef pthread_create
  return ((int*)(&pthread_create))[argc];
#else
  (void)argc;
  return 0;
#endif
}

Determining if the function pthread_create exists in the pthreads failed with the following output:
Change Dir: /home/duan/Downloads/xface-new/svn/trunk/CMakeFiles/CMakeTmp

Run Build Command:/usr/bin/gmake "cmTryCompileExec3870203678/fast"
/usr/bin/gmake -f CMakeFiles/cmTryCompileExec3870203678.dir/build.make CMakeFiles/cmTryCompileExec3870203678.dir/build
gmake[1]: Entering directory `/home/duan/Downloads/xface-new/svn/trunk/CMakeFiles/CMakeTmp'
/usr/bin/cmake -E cmake_progress_report /home/duan/Downloads/xface-new/svn/trunk/CMakeFiles/CMakeTmp/CMakeFiles 1
Building C object CMakeFiles/cmTryCompileExec3870203678.dir/CheckFunctionExists.c.o
/usr/lib64/ccache/cc   -DCHECK_FUNCTION_EXISTS=pthread_create   -o CMakeFiles/cmTryCompileExec3870203678.dir/CheckFunctionExists.c.o   -c /usr/share/cmake/Modules/CheckFunctionExists.c
Linking C executable cmTryCompileExec3870203678
/usr/bin/cmake -E cmake_link_script CMakeFiles/cmTryCompileExec3870203678.dir/link.txt --verbose=1
/usr/lib64/ccache/cc   -DCHECK_FUNCTION_EXISTS=pthread_create    CMakeFiles/cmTryCompileExec3870203678.dir/CheckFunctionExists.c.o  -o cmTryCompileExec3870203678 -rdynamic -lpthreads 
/usr/bin/ld: cannot find -lpthreads
collect2: error: ld returned 1 exit status
gmake[1]: *** [cmTryCompileExec3870203678] Error 1
gmake[1]: Leaving directory `/home/duan/Downloads/xface-new/svn/trunk/CMakeFiles/CMakeTmp'
gmake: *** [cmTryCompileExec3870203678/fast] Error 2


